2025-06-01 12:10:34.272 [Test worker] INFO  c.p.controller.ProjektRestController.%PARSER_ERROR[M] - POST /projekty -> com.project.model.Projekt@30c19bff
2025-06-01 12:10:34.466 [Test worker] INFO  c.p.controller.ProjektRestController.%PARSER_ERROR[M] - Deleting project by ID: 1
2025-06-01 12:10:34.475 [Test worker] INFO  c.p.controller.ProjektRestController.%PARSER_ERROR[M] - Deleting project by ID: 99
2025-06-01 12:10:34.485 [Test worker] INFO  c.p.controller.ProjektRestController.%PARSER_ERROR[M] - Saving project: 2
2025-06-01 12:10:34.495 [Test worker] INFO  c.p.controller.ProjektRestController.%PARSER_ERROR[M] - Saving project: 1
2025-06-01 12:15:30.145 [Test worker] INFO  c.p.controller.ProjektRestController.%PARSER_ERROR[M] - POST /projekty -> com.project.model.Projekt@30c19bff
2025-06-01 12:15:30.307 [Test worker] INFO  c.p.controller.ProjektRestController.%PARSER_ERROR[M] - Deleting project by ID: 1
2025-06-01 12:15:30.313 [Test worker] INFO  c.p.controller.ProjektRestController.%PARSER_ERROR[M] - Deleting project by ID: 99
2025-06-01 12:15:30.318 [Test worker] INFO  c.p.controller.ProjektRestController.%PARSER_ERROR[M] - Saving project: 2
2025-06-01 12:15:30.326 [Test worker] INFO  c.p.controller.ProjektRestController.%PARSER_ERROR[M] - Saving project: 1
2025-06-01 12:25:48.154 [Test worker] INFO  c.p.ProjectRestApiApplicationTests.logStarting(53) - Starting ProjectRestApiApplicationTests using Java 21.0.7 with PID 7648 (started by Анастасия in C:\Users\Анастасия\IdeaProjects\project-rest-api)
2025-06-01 12:25:48.158 [Test worker] INFO  c.p.ProjectRestApiApplicationTests.logStartupProfileInfo(652) - No active profile set, falling back to 1 default profile: "default"
2025-06-01 12:25:59.926 [Test worker] INFO  c.p.ProjectRestApiApplicationTests.logStarted(59) - Started ProjectRestApiApplicationTests in 12.802 seconds (process running for 15.905)
2025-06-01 12:26:01.104 [Test worker] INFO  c.p.r.ProjektRestControllerIntegrationTest.logStarting(53) - Starting ProjektRestControllerIntegrationTest using Java 21.0.7 with PID 7648 (started by Анастасия in C:\Users\Анастасия\IdeaProjects\project-rest-api)
2025-06-01 12:26:01.106 [Test worker] INFO  c.p.r.ProjektRestControllerIntegrationTest.logStartupProfileInfo(652) - No active profile set, falling back to 1 default profile: "default"
2025-06-01 12:26:04.552 [Test worker] INFO  c.p.r.ProjektRestControllerIntegrationTest.logStarted(59) - Started ProjektRestControllerIntegrationTest in 3.492 seconds (process running for 20.531)
2025-06-01 12:26:05.359 [Test worker] INFO  c.p.controller.ProjektRestController.createProjekt(59) - POST /projekty -> com.project.model.Projekt@44bd11a2
2025-06-01 12:26:05.785 [Test worker] INFO  c.p.controller.ProjektRestController.getProjekt(41) - Saving project: 2
2025-06-01 12:26:05.891 [Test worker] INFO  c.p.controller.ProjektRestController.getProjekt(41) - Saving project: 2
2025-06-01 12:26:06.357 [Test worker] INFO  c.p.controller.ProjektRestController.createProjekt(59) - POST /projekty -> com.project.model.Projekt@5b4fd31f
2025-06-01 12:26:06.398 [Test worker] INFO  c.p.controller.ProjektRestController.deleteProjekt(83) - Deleting project by ID: 1
2025-06-01 12:26:06.399 [Test worker] INFO  c.p.controller.ProjektRestController.deleteProjekt(83) - Deleting project by ID: 99
2025-06-01 12:26:06.399 [Test worker] INFO  c.p.controller.ProjektRestController.getProjekt(41) - Saving project: 2
2025-06-01 12:26:06.419 [Test worker] INFO  c.p.controller.ProjektRestController.getProjekt(41) - Saving project: 1
2025-06-01 13:36:12.042 [restartedMain] INFO  c.project.ProjectRestApiApplication.logStarting(53) - Starting ProjectRestApiApplication using Java 21.0.7 with PID 16676 (C:\Users\Анастасия\IdeaProjects\project-rest-api\build\classes\java\main started by Анастасия in C:\Users\Анастасия\IdeaProjects\project-rest-api)
2025-06-01 13:36:12.042 [restartedMain] INFO  c.project.ProjectRestApiApplication.logStartupProfileInfo(652) - No active profile set, falling back to 1 default profile: "default"
2025-06-01 13:36:24.324 [restartedMain] INFO  c.project.ProjectRestApiApplication.logStarted(59) - Started ProjectRestApiApplication in 13.696 seconds (process running for 14.855)
2025-06-01 13:37:46.389 [http-nio-8080-exec-4] INFO  c.p.controller.ProjektRestController.createProjekt(59) - POST /projekty -> com.project.model.Projekt@2b63f51b
2025-06-01 13:38:47.005 [http-nio-8080-exec-7] INFO  c.p.controller.ProjektRestController.getProjekt(41) - Saving project: 3
